{"contracts/Raffle.sol":{"l":{"42":0,"43":0,"54":3,"55":3,"56":3,"57":3,"58":3,"59":3,"60":3,"61":3,"62":3,"66":3,"67":3,"69":2,"71":2,"77":0,"78":0,"79":0,"80":0,"82":0,"86":0,"88":0,"89":0,"96":0,"98":0,"106":0,"113":0,"114":0,"115":0,"117":0,"118":0,"119":0,"121":0,"123":0,"125":0,"129":4,"133":1,"137":0,"141":1,"145":0,"149":0,"153":0,"157":0,"161":4},"path":"/Users/alexdus/code/blockchain/d-lottery/contracts/Raffle.sol","s":{"1":0,"2":3,"3":3,"4":2,"5":2,"6":0,"7":0,"8":0,"9":0,"10":0,"11":0,"12":0,"13":0,"14":0,"15":0,"16":0,"17":0,"18":0,"19":4,"20":1,"21":0,"22":1,"23":0,"24":0,"25":0,"26":0,"27":4},"b":{"1":[0,0],"2":[0,3],"3":[1,2],"4":[0,0],"5":[0,0],"6":[0,0]},"f":{"1":0,"2":3,"3":3,"4":0,"5":0,"6":0,"7":4,"8":1,"9":0,"10":1,"11":0,"12":0,"13":0,"14":0,"15":4},"fnMap":{"1":{"name":"onlyOwner","line":41,"loc":{"start":{"line":41,"column":4},"end":{"line":44,"column":4}}},"2":{"name":"constructor","line":53,"loc":{"start":{"line":46,"column":4},"end":{"line":63,"column":4}}},"3":{"name":"enter","line":65,"loc":{"start":{"line":65,"column":4},"end":{"line":72,"column":4}}},"4":{"name":"checkUpkeep","line":74,"loc":{"start":{"line":74,"column":4},"end":{"line":83,"column":4}}},"5":{"name":"performUpkeep","line":85,"loc":{"start":{"line":85,"column":4},"end":{"line":107,"column":4}}},"6":{"name":"fulfillRandomWords","line":109,"loc":{"start":{"line":109,"column":4},"end":{"line":126,"column":4}}},"7":{"name":"getTicketPrice","line":128,"loc":{"start":{"line":128,"column":4},"end":{"line":130,"column":4}}},"8":{"name":"getPlayer","line":132,"loc":{"start":{"line":132,"column":4},"end":{"line":134,"column":4}}},"9":{"name":"getRecentWinner","line":136,"loc":{"start":{"line":136,"column":4},"end":{"line":138,"column":4}}},"10":{"name":"getRaffleState","line":140,"loc":{"start":{"line":140,"column":4},"end":{"line":142,"column":4}}},"11":{"name":"getWordsCount","line":144,"loc":{"start":{"line":144,"column":4},"end":{"line":146,"column":4}}},"12":{"name":"getNumberOfPlayers","line":148,"loc":{"start":{"line":148,"column":4},"end":{"line":150,"column":4}}},"13":{"name":"getLatestTimestamp","line":152,"loc":{"start":{"line":152,"column":4},"end":{"line":154,"column":4}}},"14":{"name":"getRequestConfirmations","line":156,"loc":{"start":{"line":156,"column":4},"end":{"line":158,"column":4}}},"15":{"name":"getInterval","line":160,"loc":{"start":{"line":160,"column":4},"end":{"line":162,"column":4}}}},"statementMap":{"1":{"start":{"line":42,"column":8},"end":{"line":42,"column":60}},"2":{"start":{"line":66,"column":8},"end":{"line":66,"column":76}},"3":{"start":{"line":67,"column":8},"end":{"line":67,"column":78}},"4":{"start":{"line":69,"column":8},"end":{"line":69,"column":42}},"5":{"start":{"line":71,"column":8},"end":{"line":71,"column":30}},"6":{"start":{"line":77,"column":8},"end":{"line":77,"column":55}},"7":{"start":{"line":78,"column":8},"end":{"line":78,"column":76}},"8":{"start":{"line":79,"column":8},"end":{"line":79,"column":46}},"9":{"start":{"line":80,"column":8},"end":{"line":80,"column":51}},"10":{"start":{"line":86,"column":8},"end":{"line":86,"column":47}},"11":{"start":{"line":88,"column":8},"end":{"line":88,"column":3328}},"12":{"start":{"line":98,"column":8},"end":{"line":98,"column":3590}},"13":{"start":{"line":106,"column":8},"end":{"line":106,"column":45}},"14":{"start":{"line":113,"column":8},"end":{"line":113,"column":64}},"15":{"start":{"line":114,"column":8},"end":{"line":114,"column":61}},"16":{"start":{"line":121,"column":8},"end":{"line":121,"column":79}},"17":{"start":{"line":123,"column":8},"end":{"line":123,"column":55}},"18":{"start":{"line":125,"column":8},"end":{"line":125,"column":39}},"19":{"start":{"line":129,"column":8},"end":{"line":129,"column":29}},"20":{"start":{"line":133,"column":8},"end":{"line":133,"column":32}},"21":{"start":{"line":137,"column":8},"end":{"line":137,"column":29}},"22":{"start":{"line":141,"column":8},"end":{"line":141,"column":28}},"23":{"start":{"line":145,"column":8},"end":{"line":145,"column":24}},"24":{"start":{"line":149,"column":8},"end":{"line":149,"column":31}},"25":{"start":{"line":153,"column":8},"end":{"line":153,"column":30}},"26":{"start":{"line":157,"column":8},"end":{"line":157,"column":36}},"27":{"start":{"line":161,"column":8},"end":{"line":161,"column":25}}},"branchMap":{"1":{"line":42,"type":"if","locations":[{"start":{"line":42,"column":8},"end":{"line":42,"column":8}},{"start":{"line":42,"column":8},"end":{"line":42,"column":8}}]},"2":{"line":66,"type":"if","locations":[{"start":{"line":66,"column":8},"end":{"line":66,"column":8}},{"start":{"line":66,"column":8},"end":{"line":66,"column":8}}]},"3":{"line":67,"type":"if","locations":[{"start":{"line":67,"column":8},"end":{"line":67,"column":8}},{"start":{"line":67,"column":8},"end":{"line":67,"column":8}}]},"4":{"line":85,"type":"if","locations":[{"start":{"line":85,"column":79},"end":{"line":85,"column":79}},{"start":{"line":85,"column":79},"end":{"line":85,"column":79}}]},"5":{"line":88,"type":"if","locations":[{"start":{"line":88,"column":8},"end":{"line":88,"column":8}},{"start":{"line":88,"column":8},"end":{"line":88,"column":8}}]},"6":{"line":123,"type":"if","locations":[{"start":{"line":123,"column":8},"end":{"line":123,"column":8}},{"start":{"line":123,"column":8},"end":{"line":123,"column":8}}]}}},"contracts/test/VRFCoordinatorV2Mock.sol":{"l":{},"path":"/Users/alexdus/code/blockchain/d-lottery/contracts/test/VRFCoordinatorV2Mock.sol","s":{},"b":{},"f":{},"fnMap":{},"statementMap":{},"branchMap":{}}}